<?xml version="1.0" encoding="UTF-8"?>
<!-- Generated by org.testng.reporters.JUnitReportReporter -->
<testsuite hostname="ArshadQA-PC" failures="0" tests="3" name="tests.TC001" time="2.451" errors="0" timestamp="2023-10-06T17:34:25 PKT" skipped="0">
  <testcase classname="tests.TC001" name="test_1" time="0.146"/>
  <testcase classname="tests.TC001" name="Approach1" time="1.611"/>
  <testcase classname="tests.TC001" name="Approach2" time="0.694"/>
</testsuite> <!-- tests.TC001 -->
